<?xml version="1.0" encoding="UTF-8"?>
<testsuite name="com.dev.leandro.tech_interview_two.TechInterviewTwoApplicationTests" tests="1" skipped="0" failures="0" errors="0" timestamp="2024-09-26T00:52:23" hostname="leandro-G3-3579" time="0.455">
  <properties/>
  <testcase name="contextLoads()" classname="com.dev.leandro.tech_interview_two.TechInterviewTwoApplicationTests" time="0.455"/>
  <system-out><![CDATA[21:52:19.793 [Test worker] INFO org.springframework.test.context.support.AnnotationConfigContextLoaderUtils -- Could not detect default configuration classes for test class [com.dev.leandro.tech_interview_two.TechInterviewTwoApplicationTests]: TechInterviewTwoApplicationTests does not declare any static, non-private, non-final, nested classes annotated with @Configuration.
21:52:19.871 [Test worker] INFO org.springframework.boot.test.context.SpringBootTestContextBootstrapper -- Found @SpringBootConfiguration com.dev.leandro.tech_interview_two.TechInterviewTwoApplication for test class com.dev.leandro.tech_interview_two.TechInterviewTwoApplicationTests

  .   ____          _            __ _ _
 /\\ / ___'_ __ _ _(_)_ __  __ _ \ \ \ \
( ( )\___ | '_ | '_| | '_ \/ _` | \ \ \ \
 \\/  ___)| |_)| | | | | || (_| |  ) ) ) )
  '  |____| .__|_| |_|_| |_\__, | / / / /
 =========|_|==============|___/=/_/_/_/

 :: Spring Boot ::                (v3.3.4)

2024-09-25T21:52:20.214-03:00  INFO 117488 --- [tech_interview_two] [    Test worker] c.d.l.t.TechInterviewTwoApplicationTests : Starting TechInterviewTwoApplicationTests using Java 21.0.4 with PID 117488 (started by leandro in /home/leandro/Projects/Github/tech_interview_two/tech_interview_two)
2024-09-25T21:52:20.216-03:00  INFO 117488 --- [tech_interview_two] [    Test worker] c.d.l.t.TechInterviewTwoApplicationTests : No active profile set, falling back to 1 default profile: "default"
2024-09-25T21:52:20.860-03:00  INFO 117488 --- [tech_interview_two] [    Test worker] .s.d.r.c.RepositoryConfigurationDelegate : Bootstrapping Spring Data JPA repositories in DEFAULT mode.
2024-09-25T21:52:20.907-03:00  INFO 117488 --- [tech_interview_two] [    Test worker] .s.d.r.c.RepositoryConfigurationDelegate : Finished Spring Data repository scanning in 41 ms. Found 1 JPA repository interface.
2024-09-25T21:52:21.250-03:00  INFO 117488 --- [tech_interview_two] [    Test worker] com.zaxxer.hikari.HikariDataSource       : HikariPool-1 - Starting...
2024-09-25T21:52:21.386-03:00  INFO 117488 --- [tech_interview_two] [    Test worker] com.zaxxer.hikari.pool.HikariPool        : HikariPool-1 - Added connection conn0: url=jdbc:h2:mem:testdb user=SA
2024-09-25T21:52:21.391-03:00  INFO 117488 --- [tech_interview_two] [    Test worker] com.zaxxer.hikari.HikariDataSource       : HikariPool-1 - Start completed.
2024-09-25T21:52:21.437-03:00  INFO 117488 --- [tech_interview_two] [    Test worker] o.hibernate.jpa.internal.util.LogHelper  : HHH000204: Processing PersistenceUnitInfo [name: default]
2024-09-25T21:52:21.476-03:00  INFO 117488 --- [tech_interview_two] [    Test worker] org.hibernate.Version                    : HHH000412: Hibernate ORM core version 6.5.3.Final
2024-09-25T21:52:21.505-03:00  INFO 117488 --- [tech_interview_two] [    Test worker] o.h.c.internal.RegionFactoryInitiator    : HHH000026: Second-level cache disabled
2024-09-25T21:52:21.780-03:00  INFO 117488 --- [tech_interview_two] [    Test worker] o.s.o.j.p.SpringPersistenceUnitInfo      : No LoadTimeWeaver setup: ignoring JPA class transformer
2024-09-25T21:52:22.371-03:00  INFO 117488 --- [tech_interview_two] [    Test worker] o.h.e.t.j.p.i.JtaPlatformInitiator       : HHH000489: No JTA platform available (set 'hibernate.transaction.jta.platform' to enable JTA platform integration)
2024-09-25T21:52:22.395-03:00  INFO 117488 --- [tech_interview_two] [    Test worker] j.LocalContainerEntityManagerFactoryBean : Initialized JPA EntityManagerFactory for persistence unit 'default'
2024-09-25T21:52:22.707-03:00  WARN 117488 --- [tech_interview_two] [    Test worker] JpaBaseConfiguration$JpaWebConfiguration : spring.jpa.open-in-view is enabled by default. Therefore, database queries may be performed during view rendering. Explicitly configure spring.jpa.open-in-view to disable this warning
2024-09-25T21:52:22.728-03:00  INFO 117488 --- [tech_interview_two] [    Test worker] r$InitializeUserDetailsManagerConfigurer : Global AuthenticationManager configured with UserDetailsService bean with name customUserDetailsService
2024-09-25T21:52:23.261-03:00  INFO 117488 --- [tech_interview_two] [    Test worker] c.d.l.t.TechInterviewTwoApplicationTests : Started TechInterviewTwoApplicationTests in 3.272 seconds (process running for 4.161)
]]></system-out>
  <system-err><![CDATA[WARNING: A Java agent has been loaded dynamically (/home/leandro/.gradle/caches/modules-2/files-2.1/net.bytebuddy/byte-buddy-agent/1.14.19/154da3a65b4f4a909d3e5bdec55d1b2b4cbb6ce1/byte-buddy-agent-1.14.19.jar)
WARNING: If a serviceability tool is in use, please run with -XX:+EnableDynamicAgentLoading to hide this warning
WARNING: If a serviceability tool is not in use, please run with -Djdk.instrument.traceUsage for more information
WARNING: Dynamic loading of agents will be disallowed by default in a future release
]]></system-err>
</testsuite>
